{"C:\\Users\\desperezl\\Documents\\Max\\Bootcamp-React\\02-first-steps\\src\\FirstStepsApp.tsx": {"path":"C:\\Users\\desperezl\\Documents\\Max\\Bootcamp-React\\02-first-steps\\src\\FirstStepsApp.tsx","all":false,"statementMap":{"0":{"start":{"line":1,"column":0},"end":{"line":1,"column":58}},"7":{"start":{"line":8,"column":0},"end":{"line":8,"column":35}},"8":{"start":{"line":9,"column":0},"end":{"line":9,"column":52}},"9":{"start":{"line":10,"column":0},"end":{"line":10,"column":55}},"10":{"start":{"line":11,"column":0},"end":{"line":11,"column":61}},"11":{"start":{"line":12,"column":0},"end":{"line":12,"column":2}},"13":{"start":{"line":14,"column":0},"end":{"line":14,"column":36}},"14":{"start":{"line":15,"column":0},"end":{"line":15,"column":9}},"15":{"start":{"line":16,"column":0},"end":{"line":16,"column":7}},"16":{"start":{"line":17,"column":0},"end":{"line":17,"column":53}},"17":{"start":{"line":18,"column":0},"end":{"line":18,"column":16}},"18":{"start":{"line":19,"column":0},"end":{"line":19,"column":23}},"19":{"start":{"line":20,"column":0},"end":{"line":20,"column":32}},"20":{"start":{"line":21,"column":0},"end":{"line":21,"column":24}},"25":{"start":{"line":26,"column":0},"end":{"line":26,"column":2}}},"s":{"0":1,"7":1,"8":1,"9":1,"10":1,"11":1,"13":1,"14":2,"15":2,"16":2,"17":2,"18":2,"19":2,"20":2,"25":2},"branchMap":{"0":{"type":"branch","line":14,"loc":{"start":{"line":14,"column":29},"end":{"line":26,"column":2}},"locations":[{"start":{"line":14,"column":29},"end":{"line":26,"column":2}}]}},"b":{"0":[2]},"fnMap":{"0":{"name":"FirstStepsApp","decl":{"start":{"line":14,"column":29},"end":{"line":26,"column":2}},"loc":{"start":{"line":14,"column":29},"end":{"line":26,"column":2}},"line":14}},"f":{"0":2}}
,"C:\\Users\\desperezl\\Documents\\Max\\Bootcamp-React\\02-first-steps\\src\\main.tsx": {"path":"C:\\Users\\desperezl\\Documents\\Max\\Bootcamp-React\\02-first-steps\\src\\main.tsx","all":true,"statementMap":{"0":{"start":{"line":1,"column":0},"end":{"line":1,"column":35}},"1":{"start":{"line":2,"column":0},"end":{"line":2,"column":46}},"2":{"start":{"line":3,"column":0},"end":{"line":3,"column":48}},"4":{"start":{"line":5,"column":0},"end":{"line":5,"column":52}},"5":{"start":{"line":6,"column":0},"end":{"line":6,"column":13}},"6":{"start":{"line":7,"column":0},"end":{"line":7,"column":19}}},"s":{"0":0,"1":0,"2":0,"4":0,"5":0,"6":0},"branchMap":{"0":{"type":"branch","line":1,"loc":{"start":{"line":1,"column":237},"end":{"line":9,"column":2}},"locations":[{"start":{"line":1,"column":237},"end":{"line":9,"column":2}}]}},"b":{"0":[0]},"fnMap":{"0":{"name":"(empty-report)","decl":{"start":{"line":1,"column":237},"end":{"line":9,"column":2}},"loc":{"start":{"line":1,"column":237},"end":{"line":9,"column":2}},"line":1}},"f":{"0":0}}
,"C:\\Users\\desperezl\\Documents\\Max\\Bootcamp-React\\02-first-steps\\src\\helpers\\math.helper.tsx": {"path":"C:\\Users\\desperezl\\Documents\\Max\\Bootcamp-React\\02-first-steps\\src\\helpers\\math.helper.tsx","all":false,"statementMap":{"0":{"start":{"line":1,"column":0},"end":{"line":1,"column":46}},"1":{"start":{"line":2,"column":0},"end":{"line":2,"column":14}},"2":{"start":{"line":3,"column":0},"end":{"line":3,"column":2}},"4":{"start":{"line":5,"column":0},"end":{"line":5,"column":52}},"5":{"start":{"line":6,"column":0},"end":{"line":6,"column":14}},"6":{"start":{"line":7,"column":0},"end":{"line":7,"column":2}},"8":{"start":{"line":9,"column":0},"end":{"line":9,"column":51}},"9":{"start":{"line":10,"column":0},"end":{"line":10,"column":14}},"10":{"start":{"line":11,"column":0},"end":{"line":11,"column":2}},"12":{"start":{"line":13,"column":0},"end":{"line":13,"column":49}},"13":{"start":{"line":14,"column":0},"end":{"line":14,"column":14}},"14":{"start":{"line":15,"column":0},"end":{"line":15,"column":2}}},"s":{"0":1,"1":2,"2":2,"4":1,"5":2,"6":2,"8":1,"9":2,"10":2,"12":1,"13":1,"14":1},"branchMap":{"0":{"type":"branch","line":1,"loc":{"start":{"line":1,"column":19},"end":{"line":3,"column":2}},"locations":[{"start":{"line":1,"column":19},"end":{"line":3,"column":2}}]},"1":{"type":"branch","line":5,"loc":{"start":{"line":5,"column":25},"end":{"line":7,"column":2}},"locations":[{"start":{"line":5,"column":25},"end":{"line":7,"column":2}}]},"2":{"type":"branch","line":9,"loc":{"start":{"line":9,"column":24},"end":{"line":11,"column":2}},"locations":[{"start":{"line":9,"column":24},"end":{"line":11,"column":2}}]},"3":{"type":"branch","line":13,"loc":{"start":{"line":13,"column":22},"end":{"line":15,"column":2}},"locations":[{"start":{"line":13,"column":22},"end":{"line":15,"column":2}}]}},"b":{"0":[2],"1":[2],"2":[2],"3":[1]},"fnMap":{"0":{"name":"add","decl":{"start":{"line":1,"column":19},"end":{"line":3,"column":2}},"loc":{"start":{"line":1,"column":19},"end":{"line":3,"column":2}},"line":1},"1":{"name":"substract","decl":{"start":{"line":5,"column":25},"end":{"line":7,"column":2}},"loc":{"start":{"line":5,"column":25},"end":{"line":7,"column":2}},"line":5},"2":{"name":"multiply","decl":{"start":{"line":9,"column":24},"end":{"line":11,"column":2}},"loc":{"start":{"line":9,"column":24},"end":{"line":11,"column":2}},"line":9},"3":{"name":"divide","decl":{"start":{"line":13,"column":22},"end":{"line":15,"column":2}},"loc":{"start":{"line":13,"column":22},"end":{"line":15,"column":2}},"line":13}},"f":{"0":2,"1":2,"2":2,"3":1}}
,"C:\\Users\\desperezl\\Documents\\Max\\Bootcamp-React\\02-first-steps\\src\\shopping-cart\\ItemCounter.tsx": {"path":"C:\\Users\\desperezl\\Documents\\Max\\Bootcamp-React\\02-first-steps\\src\\shopping-cart\\ItemCounter.tsx","all":false,"statementMap":{"0":{"start":{"line":1,"column":0},"end":{"line":1,"column":33}},"2":{"start":{"line":3,"column":0},"end":{"line":3,"column":46}},"9":{"start":{"line":10,"column":0},"end":{"line":10,"column":71}},"10":{"start":{"line":11,"column":0},"end":{"line":11,"column":58}},"12":{"start":{"line":13,"column":0},"end":{"line":13,"column":27}},"13":{"start":{"line":14,"column":0},"end":{"line":14,"column":34}},"14":{"start":{"line":15,"column":0},"end":{"line":15,"column":3}},"15":{"start":{"line":16,"column":0},"end":{"line":16,"column":33}},"16":{"start":{"line":17,"column":0},"end":{"line":17,"column":55}},"17":{"start":{"line":18,"column":0},"end":{"line":18,"column":3}},"19":{"start":{"line":20,"column":0},"end":{"line":20,"column":9}},"20":{"start":{"line":21,"column":0},"end":{"line":21,"column":38}},"21":{"start":{"line":22,"column":0},"end":{"line":22,"column":6}},"22":{"start":{"line":23,"column":0},"end":{"line":23,"column":31}},"23":{"start":{"line":24,"column":0},"end":{"line":24,"column":12}},"24":{"start":{"line":25,"column":0},"end":{"line":25,"column":47}},"25":{"start":{"line":26,"column":0},"end":{"line":26,"column":6}},"27":{"start":{"line":28,"column":0},"end":{"line":28,"column":18}},"30":{"start":{"line":31,"column":0},"end":{"line":31,"column":39}},"31":{"start":{"line":32,"column":0},"end":{"line":32,"column":44}},"33":{"start":{"line":34,"column":0},"end":{"line":34,"column":24}},"35":{"start":{"line":36,"column":0},"end":{"line":36,"column":50}},"39":{"start":{"line":40,"column":0},"end":{"line":40,"column":2}}},"s":{"0":1,"2":1,"9":1,"10":10,"12":10,"13":1,"14":1,"15":10,"16":2,"17":2,"19":10,"20":10,"21":10,"22":10,"23":10,"24":10,"25":10,"27":10,"30":10,"31":10,"33":10,"35":10,"39":10},"branchMap":{"0":{"type":"branch","line":10,"loc":{"start":{"line":10,"column":27},"end":{"line":40,"column":2}},"locations":[{"start":{"line":10,"column":27},"end":{"line":40,"column":2}}]},"1":{"type":"branch","line":25,"loc":{"start":{"line":25,"column":28},"end":{"line":25,"column":40}},"locations":[{"start":{"line":25,"column":28},"end":{"line":25,"column":40}}]},"2":{"type":"branch","line":25,"loc":{"start":{"line":25,"column":32},"end":{"line":25,"column":47}},"locations":[{"start":{"line":25,"column":32},"end":{"line":25,"column":47}}]},"3":{"type":"branch","line":13,"loc":{"start":{"line":13,"column":20},"end":{"line":15,"column":3}},"locations":[{"start":{"line":13,"column":20},"end":{"line":15,"column":3}}]},"4":{"type":"branch","line":16,"loc":{"start":{"line":16,"column":26},"end":{"line":18,"column":3}},"locations":[{"start":{"line":16,"column":26},"end":{"line":18,"column":3}}]}},"b":{"0":[10],"1":[3],"2":[7],"3":[1],"4":[2]},"fnMap":{"0":{"name":"ItemCounter","decl":{"start":{"line":10,"column":27},"end":{"line":40,"column":2}},"loc":{"start":{"line":10,"column":27},"end":{"line":40,"column":2}},"line":10},"1":{"name":"addProduct","decl":{"start":{"line":13,"column":20},"end":{"line":15,"column":3}},"loc":{"start":{"line":13,"column":20},"end":{"line":15,"column":3}},"line":13},"2":{"name":"substractProduct","decl":{"start":{"line":16,"column":26},"end":{"line":18,"column":3}},"loc":{"start":{"line":16,"column":26},"end":{"line":18,"column":3}},"line":16}},"f":{"0":10,"1":1,"2":2}}
}
